<!DOCTYPE html>
<html>
<head>
    <title>Moa Automation Functional Test Report (Android)</title>
    <meta charset="utf-8">
    <meta name="viewport" content="width=device-width, initial-scale=1.0">
    <link rel="stylesheet" href="https://maxcdn.bootstrapcdn.com/bootstrap/3.3.6/css/bootstrap.min.css" integrity="sha384-1q8mTJOASx8j1Au+a5WDVnPi2lkFfwwEAa8hDDdjZlpLegxhjVME1fgjWPGmkzs7" crossorigin="anonymous">
</head>
<body>
    <div class="container">
        <div class="row">
            <div class="col-xs-12">
                <h2 class="text-capitalize">Moa Automation Functional Test Report (Android)</h2>
                <p class='attribute'><strong>Start Time: </strong>2022-09-26 11:41:24</p>
                <p class='attribute'><strong>Duration: </strong>201.69 s</p>
                <p class='attribute'><strong>Summary: </strong>Total: 2, Pass: 0, Fail: 2</p>
            </div>
        </div>
        <div class="row">
            <div class="col-xs-12 col-sm-10 col-md-10">
                <table class='table table-hover table-responsive'>
                    <thead>
                        <tr>
                            <th>Login.Login</th>
                            <th>Status</th>
                            <th></th>
                        </tr>
                    </thead>
                    <tbody>
                        <tr class='danger'>
                            <td class="col-xs-10">test_14_NS_HomeShopping_ShopPlus</td>
                            <td class="col-xs-1">
                                <span class="label label-danger" style="display:block;width:40px;">Fail</span>
                            </td>
                            <td class="col-xs-1">
                                <button class="btn btn-default btn-xs">View</button>
                            </td>
                        </tr>
                        <tr style="display:none;">
                            <td class="col-xs-9" colspan="3"><p>Error!
</p><p style="color:maroon;">AssertionError: 0 != 14</p><p style="color:maroon;">Traceback (most recent call last):
  File "/Users/billy/Git/Shoppingmoa/Android/Login.py", line 912, in test_14_NS_HomeShopping_ShopPlus
    self.interact_by_xpath('//android.widget.Button[@text="로그인"]', search_sec=20) # 로그인 클릭
selenium.common.exceptions.TimeoutException: Message: 
Stacktrace:
NoSuchElementError: An element could not be located on the page using the given search parameters.
    at AndroidUiautomator2Driver.findElOrEls (/Applications/Appium Server GUI.app/Contents/Resources/app/node_modules/appium/node_modules/appium-android-driver/lib/commands/find.js:75:11)
    at runMicrotasks (<anonymous>)
    at processTicksAndRejections (internal/process/task_queues.js:97:5)
    at AndroidUiautomator2Driver.findElOrElsWithProcessing (/Applications/Appium Server GUI.app/Contents/Resources/app/node_modules/appium/node_modules/appium-base-driver/lib/basedriver/commands/find.js:33:12)
    at AndroidUiautomator2Driver.findElement (/Applications/Appium Server GUI.app/Contents/Resources/app/node_modules/appium/node_modules/appium-base-driver/lib/basedriver/commands/find.js:53:10)

During handling of the above exception, another exception occurred:

Traceback (most recent call last):
  File "/Users/billy/Git/Shoppingmoa/Android/Login.py", line 931, in test_14_NS_HomeShopping_ShopPlus
    self.assertEqual(0, 14)
AssertionError: 0 != 14
</p>
                            </td>
                        </tr>
                        <tr class='danger'>
                            <td class="col-xs-10">test_15_KT_Alpha_Shopping_TVPlus</td>
                            <td class="col-xs-1">
                                <span class="label label-danger" style="display:block;width:40px;">Fail</span>
                            </td>
                            <td class="col-xs-1">
                                <button class="btn btn-default btn-xs">View</button>
                            </td>
                        </tr>
                        <tr style="display:none;">
                            <td class="col-xs-9" colspan="3"><p>Error!
</p><p style="color:maroon;">AssertionError: 0 != 15</p><p style="color:maroon;">Traceback (most recent call last):
  File "/Users/billy/Git/Shoppingmoa/Android/Login.py", line 941, in test_15_KT_Alpha_Shopping_TVPlus
    self.exception('home')
KeyboardInterrupt

During handling of the above exception, another exception occurred:

Traceback (most recent call last):
  File "/Users/billy/Git/Shoppingmoa/Android/Login.py", line 1001, in test_15_KT_Alpha_Shopping_TVPlus
    self.assertEqual(0, 15)
AssertionError: 0 != 15
</p>
                            </td>
                        </tr>
                        <tr>
                            <td colspan="3">
                                Total: 2, Pass: 0, Fail: 2 -- Duration: 201.69 s
                            </td>
                        </tr>
                    </tbody>
                </table>
            </div>
        </div>
    </div>
    <script src="https://ajax.googleapis.com/ajax/libs/jquery/2.2.4/jquery.min.js"></script>
    <script type="text/javascript">
        $(document).ready(function(){
            $('td').on('click', '.btn', function(e){
                e.preventDefault();
                e.stopImmediatePropagation();
                var $this = $(this);
                var $nextRow = $this.closest('tr').next('tr');
                $nextRow.slideToggle("fast");
                $this.text(function(i, text){
                    if (text === 'View') {
                        return 'Hide';
                    } else {
                        return 'View';
                    };
                });
            });
        });
    </script>
</body>
</html